C:\Program Files\Microsoft Visual Studio\2022\Preview\MSBuild\Microsoft\VC\v170\Microsoft.CppBuild.targets(514,5): warning MSB8028: промежуточный каталог (x64\Debug\) содержит файлы, которые используются совместно с другим проектом (winrt.vcxproj).  Это может привести к ошибкам очистки и перестроения.
  seg009.cpp
c:\Users\media\source\repos\SDLPoP\src\types.h(267,18): warning C4200: нестандартное расширение: массив нулевого размера в структуре (объединении)
c:\Users\media\source\repos\SDLPoP\src\types.h(267,18): message : Этот член будет пропущен конструктором, установленным по умолчанию, или оператором назначения копии или перемещения
c:\Users\media\source\repos\SDLPoP\src\types.h(433,15): warning C4200: нестандартное расширение: массив нулевого размера в структуре (объединении)
c:\Users\media\source\repos\SDLPoP\src\types.h(433,15): message : Этот член будет пропущен конструктором, установленным по умолчанию, или оператором назначения копии или перемещения
c:\Users\media\source\repos\SDLPoP\src\types.h(441,7): warning C4200: нестандартное расширение: массив нулевого размера в структуре (объединении)
c:\Users\media\source\repos\SDLPoP\src\types.h(441,7): message : Этот член будет пропущен конструктором, установленным по умолчанию, или оператором назначения копии или перемещения
c:\Users\media\source\repos\SDLPoP\src\types.h(499,7): warning C4200: нестандартное расширение: массив нулевого размера в структуре (объединении)
c:\Users\media\source\repos\SDLPoP\src\types.h(499,7): message : Этот член будет пропущен конструктором, установленным по умолчанию, или оператором назначения копии или перемещения
c:\Users\media\source\repos\SDLPoP\src\types.h(529,12): warning C4200: нестандартное расширение: массив нулевого размера в структуре (объединении)
c:\Users\media\source\repos\SDLPoP\src\types.h(529,12): message : Этот член будет пропущен конструктором, установленным по умолчанию, или оператором назначения копии или перемещения
c:\Users\media\source\repos\SDLPoP\src\types.h(538,7): warning C4200: нестандартное расширение: массив нулевого размера в структуре (объединении)
c:\Users\media\source\repos\SDLPoP\src\types.h(538,7): message : Этот член будет пропущен конструктором, установленным по умолчанию, или оператором назначения копии или перемещения
c:\Users\media\source\repos\SDLPoP\src\types.h(548,7): warning C4200: нестандартное расширение: массив нулевого размера в структуре (объединении)
c:\Users\media\source\repos\SDLPoP\src\types.h(548,7): message : Этот член будет пропущен конструктором, установленным по умолчанию, или оператором назначения копии или перемещения
c:\Users\media\source\repos\SDLPoP\src\types.h(560,9): warning C4200: нестандартное расширение: массив нулевого размера в структуре (объединении)
c:\Users\media\source\repos\SDLPoP\src\types.h(560,9): message : Этот член будет пропущен конструктором, установленным по умолчанию, или оператором назначения копии или перемещения
c:\Users\media\source\repos\SDLPoP\src\types.h(562,8): warning C4200: нестандартное расширение: массив нулевого размера в структуре (объединении)
c:\Users\media\source\repos\SDLPoP\src\types.h(562,8): message : Этот член будет пропущен конструктором, установленным по умолчанию, или оператором назначения копии или перемещения
c:\Users\media\source\repos\SDLPoP\src\types.h(576,8): warning C4200: нестандартное расширение: массив нулевого размера в структуре (объединении)
c:\Users\media\source\repos\SDLPoP\src\types.h(576,8): message : Этот член будет пропущен конструктором, установленным по умолчанию, или оператором назначения копии или перемещения
c:\Users\media\source\repos\SDLPoP\src\types.h(600,9): warning C4200: нестандартное расширение: массив нулевого размера в структуре (объединении)
c:\Users\media\source\repos\SDLPoP\src\types.h(600,9): message : Этот член будет пропущен конструктором, установленным по умолчанию, или оператором назначения копии или перемещения
c:\Users\media\source\repos\SDLPoP\src\types.h(602,8): warning C4200: нестандартное расширение: массив нулевого размера в структуре (объединении)
c:\Users\media\source\repos\SDLPoP\src\types.h(602,8): message : Этот член будет пропущен конструктором, установленным по умолчанию, или оператором назначения копии или перемещения
c:\Users\media\source\repos\SDLPoP\src\seg009.cpp(112,2): warning C4477: "snprintf": в строке форматирования "%s" требуется аргумент типа "char *", но вариативный аргумент "1" имеет тип "Platform::String ^"
c:\Users\media\source\repos\SDLPoP\src\seg009.cpp(303,21): warning C4244: =: преобразование "time_t" в "dword", возможна потеря данных
c:\Users\media\source\repos\SDLPoP\src\seg009.cpp(404,3): warning C4477: "snprintf": в строке форматирования "%s" требуется аргумент типа "char *", но вариативный аргумент "1" имеет тип "Platform::String ^"
c:\Users\media\source\repos\SDLPoP\src\seg009.cpp(430,13): warning C4477: "snprintf": в строке форматирования "%s" требуется аргумент типа "char *", но вариативный аргумент "1" имеет тип "Platform::String ^"
c:\Users\media\source\repos\SDLPoP\src\seg009.cpp(1290,131): warning C4244: аргумент: преобразование "short" в "byte", возможна потеря данных
c:\Users\media\source\repos\SDLPoP\src\seg009.cpp(1419,58): warning C4267: аргумент: преобразование из "size_t" в "int"; возможна потеря данных
c:\Users\media\source\repos\SDLPoP\src\seg009.cpp(1614,31): warning C4267: =: преобразование из "size_t" в "short"; возможна потеря данных
c:\Users\media\source\repos\SDLPoP\src\seg009.cpp(2247,86): warning C4267: аргумент: преобразование из "size_t" в "int"; возможна потеря данных
c:\Users\media\source\repos\SDLPoP\src\seg009.cpp(2679,81): warning C4267: инициализация: преобразование из "size_t" в "int"; возможна потеря данных
c:\Users\media\source\repos\SDLPoP\src\seg009.cpp(2682,44): warning C4838: Преобразование из "int" в "short" требует сужающего преобразования.
c:\Users\media\source\repos\SDLPoP\src\seg009.cpp(2714,22): warning C4244: инициализация: преобразование "double" в "int", возможна потеря данных
c:\Users\media\source\repos\SDLPoP\src\seg009.cpp(2717,81): warning C4267: инициализация: преобразование из "size_t" в "int"; возможна потеря данных
c:\Users\media\source\repos\SDLPoP\src\seg009.cpp(2720,44): warning C4838: Преобразование из "int" в "short" требует сужающего преобразования.
c:\Users\media\source\repos\SDLPoP\src\seg009.cpp(2916,5): warning C4477: "snprintf": в строке форматирования "%s" требуется аргумент типа "char *", но вариативный аргумент "1" имеет тип "Platform::String ^"
c:\Users\media\source\repos\SDLPoP\src\seg009.cpp(3386,64): warning C4244: =: преобразование "double" в "word", возможна потеря данных
     Создается библиотека C:\Users\media\source\repos\SDLPoP\x64\Debug\SDLPoP\SDLPoP.lib и объект C:\Users\media\source\repos\SDLPoP\x64\Debug\SDLPoP\SDLPoP.exp
  SDLPoP.vcxproj -> C:\Users\media\source\repos\SDLPoP\x64\Debug\SDLPoP\SDLPoP.exe
