c:\users\media\source\repos\sdlpop\sdlpop\x64\debug\data.obj
c:\users\media\source\repos\sdlpop\sdlpop\x64\debug\menu.obj
c:\users\media\source\repos\sdlpop\sdlpop\x64\debug\opl3.obj
c:\users\media\source\repos\sdlpop\sdlpop\x64\debug\options.obj
c:\users\media\source\repos\sdlpop\sdlpop\x64\debug\screenshot.obj
c:\users\media\source\repos\sdlpop\sdlpop\x64\debug\seg001.obj
c:\users\media\source\repos\sdlpop\sdlpop\x64\debug\seg003.obj
c:\users\media\source\repos\sdlpop\sdlpop\x64\debug\seg005.obj
c:\users\media\source\repos\sdlpop\sdlpop\x64\debug\seg007.obj
c:\users\media\source\repos\sdlpop\sdlpop\x64\debug\seqtbl.obj
c:\users\media\source\repos\sdlpop\sdlpop\x64\debug\lighting.obj
c:\users\media\source\repos\sdlpop\sdlpop\x64\debug\main.obj
c:\users\media\source\repos\sdlpop\sdlpop\x64\debug\midi.obj
c:\users\media\source\repos\sdlpop\sdlpop\x64\debug\replay.obj
c:\users\media\source\repos\sdlpop\sdlpop\x64\debug\seg000.obj
c:\users\media\source\repos\sdlpop\sdlpop\x64\debug\seg002.obj
c:\users\media\source\repos\sdlpop\sdlpop\x64\debug\seg004.obj
c:\users\media\source\repos\sdlpop\sdlpop\x64\debug\seg006.obj
c:\users\media\source\repos\sdlpop\sdlpop\x64\debug\seg008.obj
c:\users\media\source\repos\sdlpop\sdlpop\x64\debug\stb_vorbis.obj
c:\users\media\source\repos\sdlpop\sdlpop\x64\debug\vc143.pdb
c:\users\media\source\repos\sdlpop\sdlpop\x64\debug\seg009.obj
c:\users\media\source\repos\sdlpop\sdlpop\x64\debug\sdl_winrt_main_nonxaml.obj
c:\users\media\source\repos\sdlpop\sdlpop\x64\debug\sdl2-winrtresources.res
c:\users\media\source\repos\sdlpop\sdlpop\x64\debug\sdlpop.vcxproj.assemblyreference.cache
c:\users\media\source\repos\sdlpop\sdlpop\x64\debug\vc143.idb
c:\users\media\source\repos\sdlpop\sdlpop\x64\debug\sdlpop.tlog\cl.12524.write.1.tlog
c:\users\media\source\repos\sdlpop\sdlpop\x64\debug\sdlpop.tlog\cl.command.1.tlog
c:\users\media\source\repos\sdlpop\sdlpop\x64\debug\sdlpop.tlog\cl.read.1.tlog
c:\users\media\source\repos\sdlpop\sdlpop\x64\debug\sdlpop.tlog\link.command.1.tlog
c:\users\media\source\repos\sdlpop\sdlpop\x64\debug\sdlpop.tlog\link.read.1.tlog
c:\users\media\source\repos\sdlpop\sdlpop\x64\debug\sdlpop.tlog\link.write.1.tlog
c:\users\media\source\repos\sdlpop\sdlpop\x64\debug\sdlpop.tlog\rc.command.1.tlog
c:\users\media\source\repos\sdlpop\sdlpop\x64\debug\sdlpop.tlog\rc.read.1.tlog
c:\users\media\source\repos\sdlpop\sdlpop\x64\debug\sdlpop.tlog\rc.write.1.tlog
